<?xml version="1.0" encoding="UTF-8"?>
<!-- Generated by org.testng.reporters.JUnitReportReporter -->
<testsuite hostname="DESKTOP-08N2BI1" failures="0" tests="4" name="javaPackage.TestNG5" time="0.014" errors="0" timestamp="2023-06-08T00:31:22 IST" skipped="1">
  <testcase classname="javaPackage.TestNG5" name="a" time="0.007"/>
  <system-out/>
  <testcase classname="javaPackage.TestNG5" name="c" time="0.003"/>
  <system-out/>
  <testcase classname="javaPackage.TestNG5" name="c" time="0.004"/>
  <system-out/>
  <testcase classname="javaPackage.TestNG5" name="b">
    <skipped/>
  </testcase> <!-- b -->
  <system-out/>
</testsuite> <!-- javaPackage.TestNG5 -->
