<?xml version="1.0" encoding="UTF-8"?>
<!-- Generated by org.testng.reporters.JUnitReportReporter -->
<testsuite hostname="DESKTOP-08N2BI1" failures="0" tests="5" name="javaPackage.TestNG4" time="0.004" errors="0" timestamp="2023-06-08T00:31:22 IST" skipped="2">
  <testcase classname="javaPackage.TestNG4" name="d" time="0.001"/>
  <system-out/>
  <testcase classname="javaPackage.TestNG4" name="f" time="0.002">
    <skipped/>
  </testcase> <!-- f -->
  <system-out/>
  <testcase classname="javaPackage.TestNG4" name="d" time="0.000"/>
  <system-out/>
  <testcase classname="javaPackage.TestNG4" name="c" time="0.001"/>
  <system-out/>
  <testcase classname="javaPackage.TestNG4" name="b">
    <skipped/>
  </testcase> <!-- b -->
  <system-out/>
</testsuite> <!-- javaPackage.TestNG4 -->
