<?xml version="1.0" encoding="UTF-8"?>
<!-- Generated by org.testng.reporters.JUnitReportReporter -->
<testsuite hostname="DESKTOP-08N2BI1" failures="0" tests="1" name="javaPackage.Assertion1" time="5.233" errors="0" timestamp="2023-06-15T23:48:15 IST" skipped="0">
  <testcase classname="javaPackage.Assertion1" name="testCase1" time="5.233"/>
  <system-out/>
</testsuite> <!-- javaPackage.Assertion1 -->
