<?xml version="1.0" encoding="UTF-8"?>
<!-- Generated by org.testng.reporters.JUnitReportReporter -->
<testsuite hostname="DESKTOP-08N2BI1" failures="0" tests="1" name="javaPackage.Assertion3" time="0.000" errors="0" timestamp="2023-06-16T00:03:22 IST" skipped="0">
  <testcase classname="javaPackage.Assertion3" name="testCase4" time="0.000"/>
  <system-out/>
</testsuite> <!-- javaPackage.Assertion3 -->
