<?xml version="1.0" encoding="UTF-8"?>
<!-- Generated by org.testng.reporters.JUnitReportReporter -->
<testsuite hostname="DESKTOP-08N2BI1" failures="0" tests="2" name="javaPackage.SeleniumGrid" time="8.625" errors="0" timestamp="2023-07-27T00:43:25 IST" skipped="0">
  <testcase classname="javaPackage.SeleniumGrid" name="login" time="4.259"/>
  <system-out/>
  <testcase classname="javaPackage.SeleniumGrid" name="login" time="4.366"/>
  <system-out/>
</testsuite> <!-- javaPackage.SeleniumGrid -->
