<?xml version="1.0" encoding="UTF-8"?>
<!-- Generated by org.testng.reporters.JUnitReportReporter -->
<testsuite hostname="DESKTOP-08N2BI1" failures="0" tests="3" name="javaPackage.TestNG7" time="25.209" errors="0" timestamp="2023-06-14T00:12:03 IST" skipped="0">
  <testcase classname="javaPackage.TestNG7" name="enterData" time="8.346"/>
  <system-out/>
  <testcase classname="javaPackage.TestNG7" name="enterData" time="8.564"/>
  <system-out/>
  <testcase classname="javaPackage.TestNG7" name="enterData" time="8.299"/>
  <system-out/>
</testsuite> <!-- javaPackage.TestNG7 -->
