<?xml version="1.0" encoding="UTF-8"?>
<!-- Generated by org.testng.reporters.JUnitReportReporter -->
<testsuite hostname="DESKTOP-08N2BI1" failures="0" tests="2" name="javaPackage.TestNG1" time="0.006" errors="0" timestamp="2023-06-08T00:31:22 IST" skipped="0">
  <testcase classname="javaPackage.TestNG1" name="a1" time="0.003"/>
  <system-out/>
  <testcase classname="javaPackage.TestNG1" name="a2" time="0.003"/>
  <system-out/>
</testsuite> <!-- javaPackage.TestNG1 -->
