<?xml version="1.0" encoding="UTF-8"?>
<!-- Generated by org.testng.reporters.JUnitReportReporter -->
<testsuite hostname="DESKTOP-08N2BI1" failures="0" tests="1" name="javaPackage.Assertion4" time="0.010" errors="0" timestamp="2023-06-16T00:06:15 IST" skipped="0">
  <testcase classname="javaPackage.Assertion4" name="testCase5" time="0.010"/>
  <system-out/>
</testsuite> <!-- javaPackage.Assertion4 -->
