<?xml version="1.0" encoding="UTF-8"?>
<!-- Generated by org.testng.reporters.JUnitReportReporter -->
<testsuite hostname="DESKTOP-08N2BI1" failures="0" tests="4" name="javaPackage.TestNG2" time="0.007" errors="0" timestamp="2023-06-08T00:31:22 IST" skipped="0">
  <testcase classname="javaPackage.TestNG2" name="a3" time="0.002"/>
  <system-out/>
  <testcase classname="javaPackage.TestNG2" name="ab" time="0.002"/>
  <system-out/>
  <testcase classname="javaPackage.TestNG2" name="a1" time="0.002"/>
  <system-out/>
  <testcase classname="javaPackage.TestNG2" name="z" time="0.001"/>
  <system-out/>
</testsuite> <!-- javaPackage.TestNG2 -->
